<?xml version="1.0" encoding="UTF-8"?>
<testng-results skipped="0" failed="0" ignored="0" total="1" passed="1">
  <reporter-output>
  </reporter-output>
  <suite name="Default suite" duration-ms="11848" started-at="2021-07-28T10:04:16Z" finished-at="2021-07-28T10:04:28Z">
    <groups>
      <group name="cucumber">
        <method signature="AbstractTestNGCucumberTests.feature(cucumber.api.testng.CucumberFeatureWrapper)[pri:0, instance:runner.Runn1@1e397ed7]" name="feature" class="cucumber.api.testng.AbstractTestNGCucumberTests"/>
      </group> <!-- cucumber -->
    </groups>
    <test name="Default test" duration-ms="11848" started-at="2021-07-28T10:04:16Z" finished-at="2021-07-28T10:04:28Z">
      <class name="runner.Runn1">
        <test-method status="PASS" signature="setUpClass()[pri:0, instance:runner.Runn1@1e397ed7]" name="setUpClass" is-config="true" duration-ms="387" started-at="2021-07-28T10:04:16Z" finished-at="2021-07-28T10:04:16Z">
          <reporter-output>
          </reporter-output>
        </test-method> <!-- setUpClass -->
        <test-method status="PASS" signature="feature(cucumber.api.testng.CucumberFeatureWrapper)[pri:0, instance:runner.Runn1@1e397ed7]" name="feature" duration-ms="11327" started-at="2021-07-28T10:04:17Z" description="Runs Cucumber Feature" data-provider="features" finished-at="2021-07-28T10:04:28Z">
          <params>
            <param index="0">
              <value>
                <![CDATA[To test facebook application]]>
              </value>
            </param>
          </params>
          <reporter-output>
          </reporter-output>
        </test-method> <!-- feature -->
        <test-method status="PASS" signature="tearDownClass()[pri:0, instance:runner.Runn1@1e397ed7]" name="tearDownClass" is-config="true" duration-ms="6" started-at="2021-07-28T10:04:28Z" finished-at="2021-07-28T10:04:28Z">
          <reporter-output>
          </reporter-output>
        </test-method> <!-- tearDownClass -->
      </class> <!-- runner.Runn1 -->
    </test> <!-- Default test -->
  </suite> <!-- Default suite -->
</testng-results>
